<?xml version="1.0" encoding="UTF-8"?>
<!-- Generated by org.testng.reporters.JUnitXMLReporter -->
<testsuite hostname="LAPTOP-FBB7JKOP" ignored="0" name="Free CRM App Test Cases" tests="3" failures="0" timestamp="20 Jan 2018 13:53:28 GMT" time="63.172" errors="0">
  <testcase name="pageTitleTest" time="0.065" classname="com.crm.qa.testcases.LoginPageTest"/>
  <testcase name="logoTest" time="1.178" classname="com.crm.qa.testcases.LoginPageTest"/>
  <testcase name="loginTest" time="1.831" classname="com.crm.qa.testcases.LoginPageTest"/>
</testsuite> <!-- Free CRM App Test Cases -->
