<?xml version="1.0" encoding="UTF-8"?>
<testng-results skipped="0" failed="0" ignored="0" total="3" passed="3">
  <reporter-output>
  </reporter-output>
  <suite name="Free CRM Application Test Automation Test Suite" duration-ms="63172" started-at="2018-01-20T13:52:25Z" finished-at="2018-01-20T13:53:28Z">
    <groups>
    </groups>
    <test name="Free CRM App Test Cases" duration-ms="63172" started-at="2018-01-20T13:52:25Z" finished-at="2018-01-20T13:53:28Z">
      <class name="com.crm.qa.testcases.LoginPageTest">
        <test-method status="PASS" signature="setUp()[pri:0, instance:com.crm.qa.testcases.LoginPageTest@53b32d7]" name="setUp" is-config="true" duration-ms="21225" started-at="2018-01-20T19:22:25Z" finished-at="2018-01-20T19:22:46Z">
          <reporter-output>
          </reporter-output>
        </test-method> <!-- setUp -->
        <test-method status="PASS" signature="pageTitleTest()[pri:1, instance:com.crm.qa.testcases.LoginPageTest@53b32d7]" name="pageTitleTest" duration-ms="65" started-at="2018-01-20T19:22:46Z" finished-at="2018-01-20T19:22:46Z">
          <reporter-output>
          </reporter-output>
        </test-method> <!-- pageTitleTest -->
        <test-method status="PASS" signature="tearDown()[pri:0, instance:com.crm.qa.testcases.LoginPageTest@53b32d7]" name="tearDown" is-config="true" duration-ms="932" started-at="2018-01-20T19:22:46Z" finished-at="2018-01-20T19:22:47Z">
          <reporter-output>
          </reporter-output>
        </test-method> <!-- tearDown -->
        <test-method status="PASS" signature="setUp()[pri:0, instance:com.crm.qa.testcases.LoginPageTest@53b32d7]" name="setUp" is-config="true" duration-ms="18049" started-at="2018-01-20T19:22:47Z" finished-at="2018-01-20T19:23:05Z">
          <reporter-output>
          </reporter-output>
        </test-method> <!-- setUp -->
        <test-method status="PASS" signature="logoTest()[pri:2, instance:com.crm.qa.testcases.LoginPageTest@53b32d7]" name="logoTest" duration-ms="1178" started-at="2018-01-20T19:23:05Z" finished-at="2018-01-20T19:23:06Z">
          <reporter-output>
          </reporter-output>
        </test-method> <!-- logoTest -->
        <test-method status="PASS" signature="tearDown()[pri:0, instance:com.crm.qa.testcases.LoginPageTest@53b32d7]" name="tearDown" is-config="true" duration-ms="1278" started-at="2018-01-20T19:23:06Z" finished-at="2018-01-20T19:23:08Z">
          <reporter-output>
          </reporter-output>
        </test-method> <!-- tearDown -->
        <test-method status="PASS" signature="setUp()[pri:0, instance:com.crm.qa.testcases.LoginPageTest@53b32d7]" name="setUp" is-config="true" duration-ms="17692" started-at="2018-01-20T19:23:08Z" finished-at="2018-01-20T19:23:25Z">
          <reporter-output>
          </reporter-output>
        </test-method> <!-- setUp -->
        <test-method status="PASS" signature="loginTest()[pri:3, instance:com.crm.qa.testcases.LoginPageTest@53b32d7]" name="loginTest" duration-ms="1831" started-at="2018-01-20T19:23:25Z" finished-at="2018-01-20T19:23:27Z">
          <reporter-output>
          </reporter-output>
        </test-method> <!-- loginTest -->
        <test-method status="PASS" signature="tearDown()[pri:0, instance:com.crm.qa.testcases.LoginPageTest@53b32d7]" name="tearDown" is-config="true" duration-ms="796" started-at="2018-01-20T19:23:27Z" finished-at="2018-01-20T19:23:28Z">
          <reporter-output>
          </reporter-output>
        </test-method> <!-- tearDown -->
      </class> <!-- com.crm.qa.testcases.LoginPageTest -->
    </test> <!-- Free CRM App Test Cases -->
  </suite> <!-- Free CRM Application Test Automation Test Suite -->
</testng-results>
